[debug] [2022-04-05T16:04:28.832Z] ----------------------------------------------------------------------
[debug] [2022-04-05T16:04:28.834Z] Command:       E:\Program Files\nodejs\node.exe C:\Users\sunwood\AppData\Roaming\npm\node_modules\firebase-tools\lib\bin\firebase.js deploy
[debug] [2022-04-05T16:04:28.835Z] CLI Version:   10.6.0
[debug] [2022-04-05T16:04:28.835Z] Platform:      win32
[debug] [2022-04-05T16:04:28.835Z] Node Version:  v16.13.2
[debug] [2022-04-05T16:04:28.836Z] Time:          Tue Apr 05 2022 18:04:28 GMT+0200 (Central European Summer Time)
[debug] [2022-04-05T16:04:28.836Z] ----------------------------------------------------------------------
[debug] 
[debug] [2022-04-05T16:04:28.903Z] > command requires scopes: ["email","openid","https://www.googleapis.com/auth/cloudplatformprojects.readonly","https://www.googleapis.com/auth/firebase","https://www.googleapis.com/auth/cloud-platform"]
[debug] [2022-04-05T16:04:28.903Z] > authorizing via signed-in user (taborszkib@gmail.com)
[debug] [2022-04-05T16:04:28.904Z] [iam] checking project taborszki-portfolio for permissions ["cloudfunctions.functions.create","cloudfunctions.functions.delete","cloudfunctions.functions.get","cloudfunctions.functions.list","cloudfunctions.functions.update","cloudfunctions.operations.get","firebase.projects.get","firebasehosting.sites.update"]
[debug] [2022-04-05T16:04:28.905Z] > refreshing access token with scopes: []
[debug] [2022-04-05T16:04:28.906Z] >>> HTTP REQUEST POST https://www.googleapis.com/oauth2/v3/token  
 <request body omitted>
[debug] [2022-04-05T16:04:29.114Z] <<< HTTP RESPONSE 200 {"cache-control":"no-cache, no-store, max-age=0, must-revalidate","date":"Tue, 05 Apr 2022 16:04:29 GMT","expires":"Mon, 01 Jan 1990 00:00:00 GMT","pragma":"no-cache","content-type":"application/json; charset=utf-8","vary":"X-Origin, Referer, Origin,Accept-Encoding","server":"scaffolding on HTTPServer2","x-xss-protection":"0","x-frame-options":"SAMEORIGIN","x-content-type-options":"nosniff","alt-svc":"h3=\":443\"; ma=2592000,h3-29=\":443\"; ma=2592000,h3-Q050=\":443\"; ma=2592000,h3-Q046=\":443\"; ma=2592000,h3-Q043=\":443\"; ma=2592000,quic=\":443\"; ma=2592000; v=\"46,43\"","accept-ranges":"none","transfer-encoding":"chunked"}
[debug] [2022-04-05T16:04:29.133Z] >>> [apiv2][query] POST https://cloudresourcemanager.googleapis.com/v1/projects/taborszki-portfolio:testIamPermissions [none]
[debug] [2022-04-05T16:04:29.133Z] >>> [apiv2][body] POST https://cloudresourcemanager.googleapis.com/v1/projects/taborszki-portfolio:testIamPermissions {"permissions":["cloudfunctions.functions.create","cloudfunctions.functions.delete","cloudfunctions.functions.get","cloudfunctions.functions.list","cloudfunctions.functions.update","cloudfunctions.operations.get","firebase.projects.get","firebasehosting.sites.update"]}
[debug] [2022-04-05T16:04:29.955Z] <<< [apiv2][status] POST https://cloudresourcemanager.googleapis.com/v1/projects/taborszki-portfolio:testIamPermissions 200
[debug] [2022-04-05T16:04:29.955Z] <<< [apiv2][body] POST https://cloudresourcemanager.googleapis.com/v1/projects/taborszki-portfolio:testIamPermissions {"permissions":["cloudfunctions.functions.create","cloudfunctions.functions.delete","cloudfunctions.functions.get","cloudfunctions.functions.list","cloudfunctions.functions.update","cloudfunctions.operations.get","firebase.projects.get","firebasehosting.sites.update"]}
[debug] [2022-04-05T16:04:29.955Z] >>> [apiv2][query] POST https://iam.googleapis.com/v1/projects/taborszki-portfolio/serviceAccounts/taborszki-portfolio@appspot.gserviceaccount.com:testIamPermissions [none]
[debug] [2022-04-05T16:04:29.955Z] >>> [apiv2][body] POST https://iam.googleapis.com/v1/projects/taborszki-portfolio/serviceAccounts/taborszki-portfolio@appspot.gserviceaccount.com:testIamPermissions {"permissions":["iam.serviceAccounts.actAs"]}
